<?xml version="1.0" encoding="UTF-8"?>
<testng-results ignored="0" total="3" passed="3" failed="0" skipped="0">
  <reporter-output>
  </reporter-output>
  <suite started-at="2022-12-05T16:21:07 IST" name="Suite" finished-at="2022-12-05T16:22:12 IST" duration-ms="64887">
    <groups>
    </groups>
    <test started-at="2022-12-05T16:21:07 IST" name="Test" finished-at="2022-12-05T16:22:12 IST" duration-ms="64887">
      <class name="exam.Task2">
        <test-method is-config="true" signature="setup()[pri:0, instance:exam.Task2@53fdffa1]" started-at="2022-12-05T16:21:07 IST" name="setup" finished-at="2022-12-05T16:21:23 IST" duration-ms="15304" status="PASS">
          <reporter-output>
          </reporter-output>
        </test-method> <!-- setup -->
        <test-method signature="test()[pri:0, instance:exam.Task2@53fdffa1]" started-at="2022-12-05T16:21:23 IST" name="test" finished-at="2022-12-05T16:21:44 IST" duration-ms="20992" status="PASS">
          <reporter-output>
          </reporter-output>
        </test-method> <!-- test -->
        <test-method is-config="true" signature="tearDown()[pri:0, instance:exam.Task2@53fdffa1]" started-at="2022-12-05T16:21:44 IST" name="tearDown" finished-at="2022-12-05T16:21:45 IST" duration-ms="1249" status="PASS">
          <reporter-output>
          </reporter-output>
        </test-method> <!-- tearDown -->
      </class> <!-- exam.Task2 -->
      <class name="exam.Task1">
        <test-method is-config="true" signature="setup()[pri:0, instance:exam.Task1@194bcebf]" started-at="2022-12-05T16:21:45 IST" name="setup" finished-at="2022-12-05T16:21:53 IST" duration-ms="8329" status="PASS">
          <reporter-output>
          </reporter-output>
        </test-method> <!-- setup -->
        <test-method signature="test1()[pri:0, instance:exam.Task1@194bcebf]" started-at="2022-12-05T16:21:53 IST" name="test1" finished-at="2022-12-05T16:22:00 IST" duration-ms="6720" status="PASS">
          <reporter-output>
          </reporter-output>
        </test-method> <!-- test1 -->
        <test-method is-config="true" signature="tearDown()[pri:0, instance:exam.Task1@194bcebf]" started-at="2022-12-05T16:22:00 IST" name="tearDown" finished-at="2022-12-05T16:22:01 IST" duration-ms="1315" status="PASS">
          <reporter-output>
          </reporter-output>
        </test-method> <!-- tearDown -->
        <test-method is-config="true" signature="setup()[pri:0, instance:exam.Task1@194bcebf]" started-at="2022-12-05T16:22:01 IST" name="setup" finished-at="2022-12-05T16:22:09 IST" duration-ms="7810" status="PASS">
          <reporter-output>
          </reporter-output>
        </test-method> <!-- setup -->
        <test-method signature="test2()[pri:0, instance:exam.Task1@194bcebf]" started-at="2022-12-05T16:22:09 IST" name="test2" finished-at="2022-12-05T16:22:11 IST" duration-ms="1847" status="PASS">
          <reporter-output>
          </reporter-output>
        </test-method> <!-- test2 -->
        <test-method is-config="true" signature="tearDown()[pri:0, instance:exam.Task1@194bcebf]" started-at="2022-12-05T16:22:11 IST" name="tearDown" finished-at="2022-12-05T16:22:12 IST" duration-ms="1289" status="PASS">
          <reporter-output>
          </reporter-output>
        </test-method> <!-- tearDown -->
      </class> <!-- exam.Task1 -->
    </test> <!-- Test -->
  </suite> <!-- Suite -->
</testng-results>
